<?xml version="1.0" encoding="UTF-8"?>
<testsuite name="org.zerock.guestbook.GuestbookServiceTests" tests="1" skipped="0" failures="0" errors="0" timestamp="2022-01-13T01:43:44" hostname="Al01544741.local" time="0.381">
  <properties/>
  <testcase name="testSearch()" classname="org.zerock.guestbook.GuestbookServiceTests" time="0.381"/>
  <system-out><![CDATA[10:43:35.421 [Test worker] DEBUG org.springframework.test.context.BootstrapUtils - Instantiating CacheAwareContextLoaderDelegate from class [org.springframework.test.context.cache.DefaultCacheAwareContextLoaderDelegate]
10:43:35.433 [Test worker] DEBUG org.springframework.test.context.BootstrapUtils - Instantiating BootstrapContext using constructor [public org.springframework.test.context.support.DefaultBootstrapContext(java.lang.Class,org.springframework.test.context.CacheAwareContextLoaderDelegate)]
10:43:35.469 [Test worker] DEBUG org.springframework.test.context.BootstrapUtils - Instantiating TestContextBootstrapper for test class [org.zerock.guestbook.GuestbookServiceTests] from class [org.springframework.boot.test.context.SpringBootTestContextBootstrapper]
10:43:35.535 [Test worker] INFO org.springframework.boot.test.context.SpringBootTestContextBootstrapper - Neither @ContextConfiguration nor @ContextHierarchy found for test class [org.zerock.guestbook.GuestbookServiceTests], using SpringBootContextLoader
10:43:35.541 [Test worker] DEBUG org.springframework.test.context.support.AbstractContextLoader - Did not detect default resource location for test class [org.zerock.guestbook.GuestbookServiceTests]: class path resource [org/zerock/guestbook/GuestbookServiceTests-context.xml] does not exist
10:43:35.542 [Test worker] DEBUG org.springframework.test.context.support.AbstractContextLoader - Did not detect default resource location for test class [org.zerock.guestbook.GuestbookServiceTests]: class path resource [org/zerock/guestbook/GuestbookServiceTestsContext.groovy] does not exist
10:43:35.542 [Test worker] INFO org.springframework.test.context.support.AbstractContextLoader - Could not detect default resource locations for test class [org.zerock.guestbook.GuestbookServiceTests]: no resource found for suffixes {-context.xml, Context.groovy}.
10:43:35.545 [Test worker] INFO org.springframework.test.context.support.AnnotationConfigContextLoaderUtils - Could not detect default configuration classes for test class [org.zerock.guestbook.GuestbookServiceTests]: GuestbookServiceTests does not declare any static, non-private, non-final, nested classes annotated with @Configuration.
10:43:35.625 [Test worker] DEBUG org.springframework.test.context.support.ActiveProfilesUtils - Could not find an 'annotation declaring class' for annotation type [org.springframework.test.context.ActiveProfiles] and class [org.zerock.guestbook.GuestbookServiceTests]
10:43:35.712 [Test worker] DEBUG org.springframework.context.annotation.ClassPathScanningCandidateComponentProvider - Identified candidate component class: file [/Users/nhn/Desktop/personal_prj_Hoseok/build/classes/java/main/org/zerock/guestbook/GuestbookApplication.class]
10:43:35.715 [Test worker] INFO org.springframework.boot.test.context.SpringBootTestContextBootstrapper - Found @SpringBootConfiguration org.zerock.guestbook.GuestbookApplication for test class org.zerock.guestbook.GuestbookServiceTests
10:43:35.848 [Test worker] DEBUG org.springframework.boot.test.context.SpringBootTestContextBootstrapper - @TestExecutionListeners is not present for class [org.zerock.guestbook.GuestbookServiceTests]: using defaults.
10:43:35.849 [Test worker] INFO org.springframework.boot.test.context.SpringBootTestContextBootstrapper - Loaded default TestExecutionListener class names from location [META-INF/spring.factories]: [org.springframework.boot.test.autoconfigure.restdocs.RestDocsTestExecutionListener, org.springframework.boot.test.autoconfigure.web.client.MockRestServiceServerResetTestExecutionListener, org.springframework.boot.test.autoconfigure.web.servlet.MockMvcPrintOnlyOnFailureTestExecutionListener, org.springframework.boot.test.autoconfigure.web.servlet.WebDriverTestExecutionListener, org.springframework.boot.test.autoconfigure.webservices.client.MockWebServiceServerTestExecutionListener, org.springframework.boot.test.mock.mockito.MockitoTestExecutionListener, org.springframework.boot.test.mock.mockito.ResetMocksTestExecutionListener, org.springframework.test.context.web.ServletTestExecutionListener, org.springframework.test.context.support.DirtiesContextBeforeModesTestExecutionListener, org.springframework.test.context.event.ApplicationEventsTestExecutionListener, org.springframework.test.context.support.DependencyInjectionTestExecutionListener, org.springframework.test.context.support.DirtiesContextTestExecutionListener, org.springframework.test.context.transaction.TransactionalTestExecutionListener, org.springframework.test.context.jdbc.SqlScriptsTestExecutionListener, org.springframework.test.context.event.EventPublishingTestExecutionListener]
10:43:35.867 [Test worker] INFO org.springframework.boot.test.context.SpringBootTestContextBootstrapper - Using TestExecutionListeners: [org.springframework.test.context.web.ServletTestExecutionListener@27f9e982, org.springframework.test.context.support.DirtiesContextBeforeModesTestExecutionListener@4593ff34, org.springframework.test.context.event.ApplicationEventsTestExecutionListener@37d3d232, org.springframework.boot.test.mock.mockito.MockitoTestExecutionListener@30c0ccff, org.springframework.boot.test.autoconfigure.SpringBootDependencyInjectionTestExecutionListener@581d969c, org.springframework.test.context.support.DirtiesContextTestExecutionListener@22db8f4, org.springframework.test.context.transaction.TransactionalTestExecutionListener@2b46a8c1, org.springframework.test.context.jdbc.SqlScriptsTestExecutionListener@1d572e62, org.springframework.test.context.event.EventPublishingTestExecutionListener@29caf222, org.springframework.boot.test.autoconfigure.restdocs.RestDocsTestExecutionListener@46cf05f7, org.springframework.boot.test.autoconfigure.web.client.MockRestServiceServerResetTestExecutionListener@5851bd4f, org.springframework.boot.test.autoconfigure.web.servlet.MockMvcPrintOnlyOnFailureTestExecutionListener@7cd1ac19, org.springframework.boot.test.autoconfigure.web.servlet.WebDriverTestExecutionListener@2f40a43, org.springframework.boot.test.autoconfigure.webservices.client.MockWebServiceServerTestExecutionListener@3caa4757, org.springframework.boot.test.mock.mockito.ResetMocksTestExecutionListener@69c43e48]
10:43:35.871 [Test worker] DEBUG org.springframework.test.context.support.AbstractDirtiesContextTestExecutionListener - Before test class: context [DefaultTestContext@5167268 testClass = GuestbookServiceTests, testInstance = [null], testMethod = [null], testException = [null], mergedContextConfiguration = [WebMergedContextConfiguration@1cfd1875 testClass = GuestbookServiceTests, locations = '{}', classes = '{class org.zerock.guestbook.GuestbookApplication}', contextInitializerClasses = '[]', activeProfiles = '{}', propertySourceLocations = '{}', propertySourceProperties = '{org.springframework.boot.test.context.SpringBootTestContextBootstrapper=true}', contextCustomizers = set[org.springframework.boot.test.autoconfigure.actuate.metrics.MetricsExportContextCustomizerFactory$DisableMetricExportContextCustomizer@2a8d39c4, org.springframework.boot.test.autoconfigure.properties.PropertyMappingContextCustomizer@0, org.springframework.boot.test.autoconfigure.web.servlet.WebDriverContextCustomizerFactory$Customizer@1698fc68, org.springframework.boot.test.context.filter.ExcludeFilterContextCustomizer@57eda880, org.springframework.boot.test.json.DuplicateJsonObjectContextCustomizerFactory$DuplicateJsonObjectContextCustomizer@2cae1042, org.springframework.boot.test.mock.mockito.MockitoContextCustomizer@0, org.springframework.boot.test.web.client.TestRestTemplateContextCustomizer@792bbc74, org.springframework.boot.test.context.SpringBootTestArgs@1, org.springframework.boot.test.context.SpringBootTestWebEnvironment@36804139], resourceBasePath = 'src/main/webapp', contextLoader = 'org.springframework.boot.test.context.SpringBootContextLoader', parent = [null]], attributes = map['org.springframework.test.context.web.ServletTestExecutionListener.activateListener' -> true]], class annotated with @DirtiesContext [false] with mode [null].
10:43:35.932 [Test worker] DEBUG org.springframework.boot.ApplicationServletEnvironment - Activating profiles []
10:43:35.933 [Test worker] DEBUG org.springframework.test.context.support.TestPropertySourceUtils - Adding inlined properties to environment: {spring.jmx.enabled=false, org.springframework.boot.test.context.SpringBootTestContextBootstrapper=true}

  .   ____          _            __ _ _
 /\\ / ___'_ __ _ _(_)_ __  __ _ \ \ \ \
( ( )\___ | '_ | '_| | '_ \/ _` | \ \ \ \
 \\/  ___)| |_)| | | | | || (_| |  ) ) ) )
  '  |____| .__|_| |_|_| |_\__, | / / / /
 =========|_|==============|___/=/_/_/_/
 :: Spring Boot ::                (v2.6.2)

2022-01-13 10:43:41.274  INFO 2939 --- [    Test worker] o.z.guestbook.GuestbookServiceTests      : Starting GuestbookServiceTests using Java 11.0.13 on Al01544741.local with PID 2939 (started by nhn in /Users/nhn/Desktop/personal_prj_Hoseok)
2022-01-13 10:43:41.276  INFO 2939 --- [    Test worker] o.z.guestbook.GuestbookServiceTests      : No active profile set, falling back to default profiles: default
2022-01-13 10:43:42.007  INFO 2939 --- [    Test worker] .s.d.r.c.RepositoryConfigurationDelegate : Bootstrapping Spring Data JPA repositories in DEFAULT mode.
2022-01-13 10:43:42.058  INFO 2939 --- [    Test worker] .s.d.r.c.RepositoryConfigurationDelegate : Finished Spring Data repository scanning in 43 ms. Found 1 JPA repository interfaces.
2022-01-13 10:43:42.644  INFO 2939 --- [    Test worker] o.hibernate.jpa.internal.util.LogHelper  : HHH000204: Processing PersistenceUnitInfo [name: default]
2022-01-13 10:43:42.696  INFO 2939 --- [    Test worker] org.hibernate.Version                    : HHH000412: Hibernate ORM core version 5.6.3.Final
2022-01-13 10:43:42.878  INFO 2939 --- [    Test worker] o.hibernate.annotations.common.Version   : HCANN000001: Hibernate Commons Annotations {5.1.2.Final}
2022-01-13 10:43:42.979  INFO 2939 --- [    Test worker] com.zaxxer.hikari.HikariDataSource       : HikariPool-1 - Starting...
2022-01-13 10:43:43.058  INFO 2939 --- [    Test worker] com.zaxxer.hikari.HikariDataSource       : HikariPool-1 - Start completed.
2022-01-13 10:43:43.092  INFO 2939 --- [    Test worker] org.hibernate.dialect.Dialect            : HHH000400: Using dialect: org.hibernate.dialect.MariaDB106Dialect
2022-01-13 10:43:43.715  INFO 2939 --- [    Test worker] o.h.e.t.j.p.i.JtaPlatformInitiator       : HHH000490: Using JtaPlatform implementation: [org.hibernate.engine.transaction.jta.platform.internal.NoJtaPlatform]
2022-01-13 10:43:43.726  INFO 2939 --- [    Test worker] j.LocalContainerEntityManagerFactoryBean : Initialized JPA EntityManagerFactory for persistence unit 'default'
2022-01-13 10:43:44.365  WARN 2939 --- [    Test worker] JpaBaseConfiguration$JpaWebConfiguration : spring.jpa.open-in-view is enabled by default. Therefore, database queries may be performed during view rendering. Explicitly configure spring.jpa.open-in-view to disable this warning
2022-01-13 10:43:44.661  INFO 2939 --- [    Test worker] o.s.b.a.w.s.WelcomePageHandlerMapping    : Adding welcome page: class path resource [static/index.html]
2022-01-13 10:43:44.926  INFO 2939 --- [    Test worker] o.z.guestbook.GuestbookServiceTests      : Started GuestbookServiceTests in 8.988 seconds (JVM running for 10.403)
Hibernate: 
    select
        guestbook0_.gno as gno1_0_,
        guestbook0_.moddate as moddate2_0_,
        guestbook0_.regdate as regdate3_0_,
        guestbook0_.content as content4_0_,
        guestbook0_.title as title5_0_,
        guestbook0_.writer as writer6_0_ 
    from
        guestbook guestbook0_ 
    where
        guestbook0_.gno>? 
        and (
            guestbook0_.title like ? escape '!' 
            or guestbook0_.content like ? escape '!'
        ) 
    order by
        guestbook0_.gno desc limit ?
PREV: false
NEXT: false
TOTAL: 1
-------------------------
GuestbookDTO(gno=305, title=안녕하세요5, content=한글, writer=김호석, regDate=2022-01-12T16:54:00.148990, modDate=2022-01-13T09:51:58.797847)
=========================
1
]]></system-out>
  <system-err><![CDATA[]]></system-err>
</testsuite>
