<?xml version="1.0" encoding="UTF-8"?>
<testsuite name="org.zerock.guestbook.GuestbookApplicationTests" tests="1" skipped="0" failures="0" errors="0" timestamp="2022-01-12T00:47:27" hostname="Al01544741.local" time="0.357">
  <properties/>
  <testcase name="testQuery1()" classname="org.zerock.guestbook.GuestbookApplicationTests" time="0.357"/>
  <system-out><![CDATA[09:47:18.618 [Test worker] DEBUG org.springframework.test.context.BootstrapUtils - Instantiating CacheAwareContextLoaderDelegate from class [org.springframework.test.context.cache.DefaultCacheAwareContextLoaderDelegate]
09:47:18.633 [Test worker] DEBUG org.springframework.test.context.BootstrapUtils - Instantiating BootstrapContext using constructor [public org.springframework.test.context.support.DefaultBootstrapContext(java.lang.Class,org.springframework.test.context.CacheAwareContextLoaderDelegate)]
09:47:18.669 [Test worker] DEBUG org.springframework.test.context.BootstrapUtils - Instantiating TestContextBootstrapper for test class [org.zerock.guestbook.GuestbookApplicationTests] from class [org.springframework.boot.test.context.SpringBootTestContextBootstrapper]
09:47:18.681 [Test worker] INFO org.springframework.boot.test.context.SpringBootTestContextBootstrapper - Neither @ContextConfiguration nor @ContextHierarchy found for test class [org.zerock.guestbook.GuestbookApplicationTests], using SpringBootContextLoader
09:47:18.686 [Test worker] DEBUG org.springframework.test.context.support.AbstractContextLoader - Did not detect default resource location for test class [org.zerock.guestbook.GuestbookApplicationTests]: class path resource [org/zerock/guestbook/GuestbookApplicationTests-context.xml] does not exist
09:47:18.691 [Test worker] DEBUG org.springframework.test.context.support.AbstractContextLoader - Did not detect default resource location for test class [org.zerock.guestbook.GuestbookApplicationTests]: class path resource [org/zerock/guestbook/GuestbookApplicationTestsContext.groovy] does not exist
09:47:18.692 [Test worker] INFO org.springframework.test.context.support.AbstractContextLoader - Could not detect default resource locations for test class [org.zerock.guestbook.GuestbookApplicationTests]: no resource found for suffixes {-context.xml, Context.groovy}.
09:47:18.694 [Test worker] INFO org.springframework.test.context.support.AnnotationConfigContextLoaderUtils - Could not detect default configuration classes for test class [org.zerock.guestbook.GuestbookApplicationTests]: GuestbookApplicationTests does not declare any static, non-private, non-final, nested classes annotated with @Configuration.
09:47:18.744 [Test worker] DEBUG org.springframework.test.context.support.ActiveProfilesUtils - Could not find an 'annotation declaring class' for annotation type [org.springframework.test.context.ActiveProfiles] and class [org.zerock.guestbook.GuestbookApplicationTests]
09:47:18.804 [Test worker] DEBUG org.springframework.context.annotation.ClassPathScanningCandidateComponentProvider - Identified candidate component class: file [/Users/nhn/Desktop/personal_prj_Hoseok/build/classes/java/main/org/zerock/guestbook/GuestbookApplication.class]
09:47:18.806 [Test worker] INFO org.springframework.boot.test.context.SpringBootTestContextBootstrapper - Found @SpringBootConfiguration org.zerock.guestbook.GuestbookApplication for test class org.zerock.guestbook.GuestbookApplicationTests
09:47:18.919 [Test worker] DEBUG org.springframework.boot.test.context.SpringBootTestContextBootstrapper - @TestExecutionListeners is not present for class [org.zerock.guestbook.GuestbookApplicationTests]: using defaults.
09:47:18.919 [Test worker] INFO org.springframework.boot.test.context.SpringBootTestContextBootstrapper - Loaded default TestExecutionListener class names from location [META-INF/spring.factories]: [org.springframework.boot.test.autoconfigure.restdocs.RestDocsTestExecutionListener, org.springframework.boot.test.autoconfigure.web.client.MockRestServiceServerResetTestExecutionListener, org.springframework.boot.test.autoconfigure.web.servlet.MockMvcPrintOnlyOnFailureTestExecutionListener, org.springframework.boot.test.autoconfigure.web.servlet.WebDriverTestExecutionListener, org.springframework.boot.test.autoconfigure.webservices.client.MockWebServiceServerTestExecutionListener, org.springframework.boot.test.mock.mockito.MockitoTestExecutionListener, org.springframework.boot.test.mock.mockito.ResetMocksTestExecutionListener, org.springframework.test.context.web.ServletTestExecutionListener, org.springframework.test.context.support.DirtiesContextBeforeModesTestExecutionListener, org.springframework.test.context.event.ApplicationEventsTestExecutionListener, org.springframework.test.context.support.DependencyInjectionTestExecutionListener, org.springframework.test.context.support.DirtiesContextTestExecutionListener, org.springframework.test.context.transaction.TransactionalTestExecutionListener, org.springframework.test.context.jdbc.SqlScriptsTestExecutionListener, org.springframework.test.context.event.EventPublishingTestExecutionListener]
09:47:18.938 [Test worker] INFO org.springframework.boot.test.context.SpringBootTestContextBootstrapper - Using TestExecutionListeners: [org.springframework.test.context.web.ServletTestExecutionListener@21680803, org.springframework.test.context.support.DirtiesContextBeforeModesTestExecutionListener@588ab592, org.springframework.test.context.event.ApplicationEventsTestExecutionListener@c8b96ec, org.springframework.boot.test.mock.mockito.MockitoTestExecutionListener@4cc61eb1, org.springframework.boot.test.autoconfigure.SpringBootDependencyInjectionTestExecutionListener@2d8f2f3a, org.springframework.test.context.support.DirtiesContextTestExecutionListener@2024293c, org.springframework.test.context.transaction.TransactionalTestExecutionListener@7048f722, org.springframework.test.context.jdbc.SqlScriptsTestExecutionListener@c074c0c, org.springframework.test.context.event.EventPublishingTestExecutionListener@58a55449, org.springframework.boot.test.autoconfigure.restdocs.RestDocsTestExecutionListener@5949eba8, org.springframework.boot.test.autoconfigure.web.client.MockRestServiceServerResetTestExecutionListener@6e0ff644, org.springframework.boot.test.autoconfigure.web.servlet.MockMvcPrintOnlyOnFailureTestExecutionListener@58dea0a5, org.springframework.boot.test.autoconfigure.web.servlet.WebDriverTestExecutionListener@2a2bb0eb, org.springframework.boot.test.autoconfigure.webservices.client.MockWebServiceServerTestExecutionListener@3c291aad, org.springframework.boot.test.mock.mockito.ResetMocksTestExecutionListener@2d0566ba]
09:47:18.942 [Test worker] DEBUG org.springframework.test.context.support.AbstractDirtiesContextTestExecutionListener - Before test class: context [DefaultTestContext@7bdf6bb7 testClass = GuestbookApplicationTests, testInstance = [null], testMethod = [null], testException = [null], mergedContextConfiguration = [WebMergedContextConfiguration@1bc53649 testClass = GuestbookApplicationTests, locations = '{}', classes = '{class org.zerock.guestbook.GuestbookApplication}', contextInitializerClasses = '[]', activeProfiles = '{}', propertySourceLocations = '{}', propertySourceProperties = '{org.springframework.boot.test.context.SpringBootTestContextBootstrapper=true}', contextCustomizers = set[org.springframework.boot.test.autoconfigure.actuate.metrics.MetricsExportContextCustomizerFactory$DisableMetricExportContextCustomizer@5c8eee0f, org.springframework.boot.test.autoconfigure.properties.PropertyMappingContextCustomizer@0, org.springframework.boot.test.autoconfigure.web.servlet.WebDriverContextCustomizerFactory$Customizer@67ab1c47, org.springframework.boot.test.context.filter.ExcludeFilterContextCustomizer@5b444398, org.springframework.boot.test.json.DuplicateJsonObjectContextCustomizerFactory$DuplicateJsonObjectContextCustomizer@a776e, org.springframework.boot.test.mock.mockito.MockitoContextCustomizer@0, org.springframework.boot.test.web.client.TestRestTemplateContextCustomizer@60d1a32f, org.springframework.boot.test.context.SpringBootTestArgs@1, org.springframework.boot.test.context.SpringBootTestWebEnvironment@41f69e84], resourceBasePath = 'src/main/webapp', contextLoader = 'org.springframework.boot.test.context.SpringBootContextLoader', parent = [null]], attributes = map['org.springframework.test.context.web.ServletTestExecutionListener.activateListener' -> true]], class annotated with @DirtiesContext [false] with mode [null].
09:47:19.004 [Test worker] DEBUG org.springframework.boot.ApplicationServletEnvironment - Activating profiles []
09:47:19.005 [Test worker] DEBUG org.springframework.test.context.support.TestPropertySourceUtils - Adding inlined properties to environment: {spring.jmx.enabled=false, org.springframework.boot.test.context.SpringBootTestContextBootstrapper=true}

  .   ____          _            __ _ _
 /\\ / ___'_ __ _ _(_)_ __  __ _ \ \ \ \
( ( )\___ | '_ | '_| | '_ \/ _` | \ \ \ \
 \\/  ___)| |_)| | | | | || (_| |  ) ) ) )
  '  |____| .__|_| |_|_| |_\__, | / / / /
 =========|_|==============|___/=/_/_/_/
 :: Spring Boot ::                (v2.6.2)

2022-01-12 09:47:24.299  INFO 2315 --- [    Test worker] o.z.guestbook.GuestbookApplicationTests  : Starting GuestbookApplicationTests using Java 11.0.13 on Al01544741.local with PID 2315 (started by nhn in /Users/nhn/Desktop/personal_prj_Hoseok)
2022-01-12 09:47:24.300  INFO 2315 --- [    Test worker] o.z.guestbook.GuestbookApplicationTests  : No active profile set, falling back to default profiles: default
2022-01-12 09:47:24.970  INFO 2315 --- [    Test worker] .s.d.r.c.RepositoryConfigurationDelegate : Bootstrapping Spring Data JPA repositories in DEFAULT mode.
2022-01-12 09:47:25.026  INFO 2315 --- [    Test worker] .s.d.r.c.RepositoryConfigurationDelegate : Finished Spring Data repository scanning in 50 ms. Found 1 JPA repository interfaces.
2022-01-12 09:47:25.609  INFO 2315 --- [    Test worker] o.hibernate.jpa.internal.util.LogHelper  : HHH000204: Processing PersistenceUnitInfo [name: default]
2022-01-12 09:47:25.658  INFO 2315 --- [    Test worker] org.hibernate.Version                    : HHH000412: Hibernate ORM core version 5.6.3.Final
2022-01-12 09:47:25.827  INFO 2315 --- [    Test worker] o.hibernate.annotations.common.Version   : HCANN000001: Hibernate Commons Annotations {5.1.2.Final}
2022-01-12 09:47:25.929  INFO 2315 --- [    Test worker] com.zaxxer.hikari.HikariDataSource       : HikariPool-1 - Starting...
2022-01-12 09:47:26.019  INFO 2315 --- [    Test worker] com.zaxxer.hikari.HikariDataSource       : HikariPool-1 - Start completed.
2022-01-12 09:47:26.051  INFO 2315 --- [    Test worker] org.hibernate.dialect.Dialect            : HHH000400: Using dialect: org.hibernate.dialect.MariaDB106Dialect
2022-01-12 09:47:26.622  INFO 2315 --- [    Test worker] o.h.e.t.j.p.i.JtaPlatformInitiator       : HHH000490: Using JtaPlatform implementation: [org.hibernate.engine.transaction.jta.platform.internal.NoJtaPlatform]
2022-01-12 09:47:26.631  INFO 2315 --- [    Test worker] j.LocalContainerEntityManagerFactoryBean : Initialized JPA EntityManagerFactory for persistence unit 'default'
2022-01-12 09:47:26.853  WARN 2315 --- [    Test worker] JpaBaseConfiguration$JpaWebConfiguration : spring.jpa.open-in-view is enabled by default. Therefore, database queries may be performed during view rendering. Explicitly configure spring.jpa.open-in-view to disable this warning
2022-01-12 09:47:27.495  INFO 2315 --- [    Test worker] o.s.b.a.w.s.WelcomePageHandlerMapping    : Adding welcome page: class path resource [static/index.html]
2022-01-12 09:47:27.766  INFO 2315 --- [    Test worker] o.z.guestbook.GuestbookApplicationTests  : Started GuestbookApplicationTests in 8.759 seconds (JVM running for 10.133)
Hibernate: 
    select
        guestbook0_.gno as gno1_0_,
        guestbook0_.moddate as moddate2_0_,
        guestbook0_.regdate as regdate3_0_,
        guestbook0_.content as content4_0_,
        guestbook0_.title as title5_0_,
        guestbook0_.writer as writer6_0_ 
    from
        guestbook guestbook0_ 
    where
        (
            guestbook0_.title like ? escape '!'
        ) 
        and (
            guestbook0_.title like ? escape '!'
        ) 
    order by
        guestbook0_.gno desc limit ?
Hibernate: 
    select
        count(guestbook0_.gno) as col_0_0_ 
    from
        guestbook guestbook0_ 
    where
        (
            guestbook0_.title like ? escape '!'
        ) 
        and (
            guestbook0_.title like ? escape '!'
        )
Guestbook(gno=231, title=Title....231, content=Content...231, writer=user1)
Guestbook(gno=213, title=Title....213, content=Content...213, writer=user3)
Guestbook(gno=193, title=Title....193, content=Content...193, writer=user3)
Guestbook(gno=183, title=Title....183, content=Content...183, writer=user3)
Guestbook(gno=173, title=Title....173, content=Content...173, writer=user3)
Guestbook(gno=163, title=Title....163, content=Content...163, writer=user3)
Guestbook(gno=153, title=Title....153, content=Content...153, writer=user3)
Guestbook(gno=143, title=Title....143, content=Content...143, writer=user3)
Guestbook(gno=139, title=Title....139, content=Content...139, writer=user9)
Guestbook(gno=138, title=Title....138, content=Content...138, writer=user8)
]]></system-out>
  <system-err><![CDATA[]]></system-err>
</testsuite>
