<?xml version="1.0" encoding="UTF-8"?>
<testsuite name="org.zerock.guestbook.GuestbookServiceTests" tests="1" skipped="0" failures="0" errors="0" timestamp="2022-01-12T05:01:22" hostname="Al01544741.local" time="0.362">
  <properties/>
  <testcase name="testList()" classname="org.zerock.guestbook.GuestbookServiceTests" time="0.362"/>
  <system-out><![CDATA[14:01:13.221 [Test worker] DEBUG org.springframework.test.context.BootstrapUtils - Instantiating CacheAwareContextLoaderDelegate from class [org.springframework.test.context.cache.DefaultCacheAwareContextLoaderDelegate]
14:01:13.233 [Test worker] DEBUG org.springframework.test.context.BootstrapUtils - Instantiating BootstrapContext using constructor [public org.springframework.test.context.support.DefaultBootstrapContext(java.lang.Class,org.springframework.test.context.CacheAwareContextLoaderDelegate)]
14:01:13.277 [Test worker] DEBUG org.springframework.test.context.BootstrapUtils - Instantiating TestContextBootstrapper for test class [org.zerock.guestbook.GuestbookServiceTests] from class [org.springframework.boot.test.context.SpringBootTestContextBootstrapper]
14:01:13.294 [Test worker] INFO org.springframework.boot.test.context.SpringBootTestContextBootstrapper - Neither @ContextConfiguration nor @ContextHierarchy found for test class [org.zerock.guestbook.GuestbookServiceTests], using SpringBootContextLoader
14:01:13.302 [Test worker] DEBUG org.springframework.test.context.support.AbstractContextLoader - Did not detect default resource location for test class [org.zerock.guestbook.GuestbookServiceTests]: class path resource [org/zerock/guestbook/GuestbookServiceTests-context.xml] does not exist
14:01:13.303 [Test worker] DEBUG org.springframework.test.context.support.AbstractContextLoader - Did not detect default resource location for test class [org.zerock.guestbook.GuestbookServiceTests]: class path resource [org/zerock/guestbook/GuestbookServiceTestsContext.groovy] does not exist
14:01:13.304 [Test worker] INFO org.springframework.test.context.support.AbstractContextLoader - Could not detect default resource locations for test class [org.zerock.guestbook.GuestbookServiceTests]: no resource found for suffixes {-context.xml, Context.groovy}.
14:01:13.306 [Test worker] INFO org.springframework.test.context.support.AnnotationConfigContextLoaderUtils - Could not detect default configuration classes for test class [org.zerock.guestbook.GuestbookServiceTests]: GuestbookServiceTests does not declare any static, non-private, non-final, nested classes annotated with @Configuration.
14:01:13.378 [Test worker] DEBUG org.springframework.test.context.support.ActiveProfilesUtils - Could not find an 'annotation declaring class' for annotation type [org.springframework.test.context.ActiveProfiles] and class [org.zerock.guestbook.GuestbookServiceTests]
14:01:13.453 [Test worker] DEBUG org.springframework.context.annotation.ClassPathScanningCandidateComponentProvider - Identified candidate component class: file [/Users/nhn/Desktop/personal_prj_Hoseok/build/classes/java/main/org/zerock/guestbook/GuestbookApplication.class]
14:01:13.455 [Test worker] INFO org.springframework.boot.test.context.SpringBootTestContextBootstrapper - Found @SpringBootConfiguration org.zerock.guestbook.GuestbookApplication for test class org.zerock.guestbook.GuestbookServiceTests
14:01:13.646 [Test worker] DEBUG org.springframework.boot.test.context.SpringBootTestContextBootstrapper - @TestExecutionListeners is not present for class [org.zerock.guestbook.GuestbookServiceTests]: using defaults.
14:01:13.647 [Test worker] INFO org.springframework.boot.test.context.SpringBootTestContextBootstrapper - Loaded default TestExecutionListener class names from location [META-INF/spring.factories]: [org.springframework.boot.test.autoconfigure.restdocs.RestDocsTestExecutionListener, org.springframework.boot.test.autoconfigure.web.client.MockRestServiceServerResetTestExecutionListener, org.springframework.boot.test.autoconfigure.web.servlet.MockMvcPrintOnlyOnFailureTestExecutionListener, org.springframework.boot.test.autoconfigure.web.servlet.WebDriverTestExecutionListener, org.springframework.boot.test.autoconfigure.webservices.client.MockWebServiceServerTestExecutionListener, org.springframework.boot.test.mock.mockito.MockitoTestExecutionListener, org.springframework.boot.test.mock.mockito.ResetMocksTestExecutionListener, org.springframework.test.context.web.ServletTestExecutionListener, org.springframework.test.context.support.DirtiesContextBeforeModesTestExecutionListener, org.springframework.test.context.event.ApplicationEventsTestExecutionListener, org.springframework.test.context.support.DependencyInjectionTestExecutionListener, org.springframework.test.context.support.DirtiesContextTestExecutionListener, org.springframework.test.context.transaction.TransactionalTestExecutionListener, org.springframework.test.context.jdbc.SqlScriptsTestExecutionListener, org.springframework.test.context.event.EventPublishingTestExecutionListener]
14:01:13.672 [Test worker] INFO org.springframework.boot.test.context.SpringBootTestContextBootstrapper - Using TestExecutionListeners: [org.springframework.test.context.web.ServletTestExecutionListener@ecf9fb3, org.springframework.test.context.support.DirtiesContextBeforeModesTestExecutionListener@2d35442b, org.springframework.test.context.event.ApplicationEventsTestExecutionListener@27f9e982, org.springframework.boot.test.mock.mockito.MockitoTestExecutionListener@4593ff34, org.springframework.boot.test.autoconfigure.SpringBootDependencyInjectionTestExecutionListener@37d3d232, org.springframework.test.context.support.DirtiesContextTestExecutionListener@30c0ccff, org.springframework.test.context.transaction.TransactionalTestExecutionListener@581d969c, org.springframework.test.context.jdbc.SqlScriptsTestExecutionListener@22db8f4, org.springframework.test.context.event.EventPublishingTestExecutionListener@2b46a8c1, org.springframework.boot.test.autoconfigure.restdocs.RestDocsTestExecutionListener@1d572e62, org.springframework.boot.test.autoconfigure.web.client.MockRestServiceServerResetTestExecutionListener@29caf222, org.springframework.boot.test.autoconfigure.web.servlet.MockMvcPrintOnlyOnFailureTestExecutionListener@46cf05f7, org.springframework.boot.test.autoconfigure.web.servlet.WebDriverTestExecutionListener@5851bd4f, org.springframework.boot.test.autoconfigure.webservices.client.MockWebServiceServerTestExecutionListener@7cd1ac19, org.springframework.boot.test.mock.mockito.ResetMocksTestExecutionListener@2f40a43]
14:01:13.676 [Test worker] DEBUG org.springframework.test.context.support.AbstractDirtiesContextTestExecutionListener - Before test class: context [DefaultTestContext@7728643a testClass = GuestbookServiceTests, testInstance = [null], testMethod = [null], testException = [null], mergedContextConfiguration = [WebMergedContextConfiguration@320e400 testClass = GuestbookServiceTests, locations = '{}', classes = '{class org.zerock.guestbook.GuestbookApplication}', contextInitializerClasses = '[]', activeProfiles = '{}', propertySourceLocations = '{}', propertySourceProperties = '{org.springframework.boot.test.context.SpringBootTestContextBootstrapper=true}', contextCustomizers = set[org.springframework.boot.test.autoconfigure.actuate.metrics.MetricsExportContextCustomizerFactory$DisableMetricExportContextCustomizer@1af146, org.springframework.boot.test.autoconfigure.properties.PropertyMappingContextCustomizer@0, org.springframework.boot.test.autoconfigure.web.servlet.WebDriverContextCustomizerFactory$Customizer@20a8a64e, org.springframework.boot.test.context.filter.ExcludeFilterContextCustomizer@65b3a85a, org.springframework.boot.test.json.DuplicateJsonObjectContextCustomizerFactory$DuplicateJsonObjectContextCustomizer@2b5825fa, org.springframework.boot.test.mock.mockito.MockitoContextCustomizer@0, org.springframework.boot.test.web.client.TestRestTemplateContextCustomizer@42f48531, org.springframework.boot.test.context.SpringBootTestArgs@1, org.springframework.boot.test.context.SpringBootTestWebEnvironment@3b6d844d], resourceBasePath = 'src/main/webapp', contextLoader = 'org.springframework.boot.test.context.SpringBootContextLoader', parent = [null]], attributes = map['org.springframework.test.context.web.ServletTestExecutionListener.activateListener' -> true]], class annotated with @DirtiesContext [false] with mode [null].
14:01:13.756 [Test worker] DEBUG org.springframework.boot.ApplicationServletEnvironment - Activating profiles []
14:01:13.757 [Test worker] DEBUG org.springframework.test.context.support.TestPropertySourceUtils - Adding inlined properties to environment: {spring.jmx.enabled=false, org.springframework.boot.test.context.SpringBootTestContextBootstrapper=true}

  .   ____          _            __ _ _
 /\\ / ___'_ __ _ _(_)_ __  __ _ \ \ \ \
( ( )\___ | '_ | '_| | '_ \/ _` | \ \ \ \
 \\/  ___)| |_)| | | | | || (_| |  ) ) ) )
  '  |____| .__|_| |_|_| |_\__, | / / / /
 =========|_|==============|___/=/_/_/_/
 :: Spring Boot ::                (v2.6.2)

2022-01-12 14:01:19.140  INFO 6036 --- [    Test worker] o.z.guestbook.GuestbookServiceTests      : Starting GuestbookServiceTests using Java 11.0.13 on Al01544741.local with PID 6036 (started by nhn in /Users/nhn/Desktop/personal_prj_Hoseok)
2022-01-12 14:01:19.142  INFO 6036 --- [    Test worker] o.z.guestbook.GuestbookServiceTests      : No active profile set, falling back to default profiles: default
2022-01-12 14:01:19.955  INFO 6036 --- [    Test worker] .s.d.r.c.RepositoryConfigurationDelegate : Bootstrapping Spring Data JPA repositories in DEFAULT mode.
2022-01-12 14:01:20.011  INFO 6036 --- [    Test worker] .s.d.r.c.RepositoryConfigurationDelegate : Finished Spring Data repository scanning in 47 ms. Found 1 JPA repository interfaces.
2022-01-12 14:01:20.613  INFO 6036 --- [    Test worker] o.hibernate.jpa.internal.util.LogHelper  : HHH000204: Processing PersistenceUnitInfo [name: default]
2022-01-12 14:01:20.665  INFO 6036 --- [    Test worker] org.hibernate.Version                    : HHH000412: Hibernate ORM core version 5.6.3.Final
2022-01-12 14:01:20.870  INFO 6036 --- [    Test worker] o.hibernate.annotations.common.Version   : HCANN000001: Hibernate Commons Annotations {5.1.2.Final}
2022-01-12 14:01:20.966  INFO 6036 --- [    Test worker] com.zaxxer.hikari.HikariDataSource       : HikariPool-1 - Starting...
2022-01-12 14:01:21.053  INFO 6036 --- [    Test worker] com.zaxxer.hikari.HikariDataSource       : HikariPool-1 - Start completed.
2022-01-12 14:01:21.088  INFO 6036 --- [    Test worker] org.hibernate.dialect.Dialect            : HHH000400: Using dialect: org.hibernate.dialect.MariaDB106Dialect
2022-01-12 14:01:21.725  INFO 6036 --- [    Test worker] o.h.e.t.j.p.i.JtaPlatformInitiator       : HHH000490: Using JtaPlatform implementation: [org.hibernate.engine.transaction.jta.platform.internal.NoJtaPlatform]
2022-01-12 14:01:21.734  INFO 6036 --- [    Test worker] j.LocalContainerEntityManagerFactoryBean : Initialized JPA EntityManagerFactory for persistence unit 'default'
2022-01-12 14:01:22.383  WARN 6036 --- [    Test worker] JpaBaseConfiguration$JpaWebConfiguration : spring.jpa.open-in-view is enabled by default. Therefore, database queries may be performed during view rendering. Explicitly configure spring.jpa.open-in-view to disable this warning
2022-01-12 14:01:22.694  INFO 6036 --- [    Test worker] o.s.b.a.w.s.WelcomePageHandlerMapping    : Adding welcome page: class path resource [static/index.html]
2022-01-12 14:01:22.970  INFO 6036 --- [    Test worker] o.z.guestbook.GuestbookServiceTests      : Started GuestbookServiceTests in 9.211 seconds (JVM running for 10.806)
Hibernate: 
    select
        guestbook0_.gno as gno1_0_,
        guestbook0_.moddate as moddate2_0_,
        guestbook0_.regdate as regdate3_0_,
        guestbook0_.content as content4_0_,
        guestbook0_.title as title5_0_,
        guestbook0_.writer as writer6_0_ 
    from
        guestbook guestbook0_ 
    order by
        guestbook0_.gno desc limit ?
Hibernate: 
    select
        count(guestbook0_.gno) as col_0_0_ 
    from
        guestbook guestbook0_
PREV: false
NEXT: true
TOTAL: 30
----------------------
GuestbookDTO(gno=300, title=Sample Title, content=Sample Content, writer=user0, regDate=2022-01-12T10:44:38.010630, modDate=2022-01-12T10:44:38.010630)
GuestbookDTO(gno=299, title=Change Title..., content=Change Content..., writer=user9, regDate=2022-01-11T18:01:34.247002, modDate=2022-01-12T09:35:02.620152)
GuestbookDTO(gno=298, title=Title....298, content=Content...298, writer=user8, regDate=2022-01-11T18:01:34.237567, modDate=2022-01-11T18:01:34.237567)
GuestbookDTO(gno=297, title=Title....297, content=Content...297, writer=user7, regDate=2022-01-11T18:01:34.224742, modDate=2022-01-11T18:01:34.224742)
GuestbookDTO(gno=296, title=Title....296, content=Content...296, writer=user6, regDate=2022-01-11T18:01:34.211356, modDate=2022-01-11T18:01:34.211356)
GuestbookDTO(gno=295, title=Title....295, content=Content...295, writer=user5, regDate=2022-01-11T18:01:34.194387, modDate=2022-01-11T18:01:34.194387)
GuestbookDTO(gno=294, title=Title....294, content=Content...294, writer=user4, regDate=2022-01-11T18:01:34.166161, modDate=2022-01-11T18:01:34.166161)
GuestbookDTO(gno=293, title=Title....293, content=Content...293, writer=user3, regDate=2022-01-11T18:01:34.151558, modDate=2022-01-11T18:01:34.151558)
GuestbookDTO(gno=292, title=Title....292, content=Content...292, writer=user2, regDate=2022-01-11T18:01:34.139055, modDate=2022-01-11T18:01:34.139055)
GuestbookDTO(gno=291, title=Title....291, content=Content...291, writer=user1, regDate=2022-01-11T18:01:34.126549, modDate=2022-01-11T18:01:34.126549)
===================
1
2
3
4
5
6
7
8
9
10
]]></system-out>
  <system-err><![CDATA[]]></system-err>
</testsuite>
