<?xml version="1.0" encoding="UTF-8"?>
<testsuite name="org.zerock.guestbook.GuestbookServiceTests" tests="1" skipped="0" failures="0" errors="0" timestamp="2022-01-12T01:44:37" hostname="Al01544741.local" time="0.293">
  <properties/>
  <testcase name="testRegister()" classname="org.zerock.guestbook.GuestbookServiceTests" time="0.293"/>
  <system-out><![CDATA[10:44:28.198 [Test worker] DEBUG org.springframework.test.context.BootstrapUtils - Instantiating CacheAwareContextLoaderDelegate from class [org.springframework.test.context.cache.DefaultCacheAwareContextLoaderDelegate]
10:44:28.221 [Test worker] DEBUG org.springframework.test.context.BootstrapUtils - Instantiating BootstrapContext using constructor [public org.springframework.test.context.support.DefaultBootstrapContext(java.lang.Class,org.springframework.test.context.CacheAwareContextLoaderDelegate)]
10:44:28.288 [Test worker] DEBUG org.springframework.test.context.BootstrapUtils - Instantiating TestContextBootstrapper for test class [org.zerock.guestbook.GuestbookServiceTests] from class [org.springframework.boot.test.context.SpringBootTestContextBootstrapper]
10:44:28.301 [Test worker] INFO org.springframework.boot.test.context.SpringBootTestContextBootstrapper - Neither @ContextConfiguration nor @ContextHierarchy found for test class [org.zerock.guestbook.GuestbookServiceTests], using SpringBootContextLoader
10:44:28.305 [Test worker] DEBUG org.springframework.test.context.support.AbstractContextLoader - Did not detect default resource location for test class [org.zerock.guestbook.GuestbookServiceTests]: class path resource [org/zerock/guestbook/GuestbookServiceTests-context.xml] does not exist
10:44:28.306 [Test worker] DEBUG org.springframework.test.context.support.AbstractContextLoader - Did not detect default resource location for test class [org.zerock.guestbook.GuestbookServiceTests]: class path resource [org/zerock/guestbook/GuestbookServiceTestsContext.groovy] does not exist
10:44:28.306 [Test worker] INFO org.springframework.test.context.support.AbstractContextLoader - Could not detect default resource locations for test class [org.zerock.guestbook.GuestbookServiceTests]: no resource found for suffixes {-context.xml, Context.groovy}.
10:44:28.307 [Test worker] INFO org.springframework.test.context.support.AnnotationConfigContextLoaderUtils - Could not detect default configuration classes for test class [org.zerock.guestbook.GuestbookServiceTests]: GuestbookServiceTests does not declare any static, non-private, non-final, nested classes annotated with @Configuration.
10:44:28.370 [Test worker] DEBUG org.springframework.test.context.support.ActiveProfilesUtils - Could not find an 'annotation declaring class' for annotation type [org.springframework.test.context.ActiveProfiles] and class [org.zerock.guestbook.GuestbookServiceTests]
10:44:28.435 [Test worker] DEBUG org.springframework.context.annotation.ClassPathScanningCandidateComponentProvider - Identified candidate component class: file [/Users/nhn/Desktop/personal_prj_Hoseok/build/classes/java/main/org/zerock/guestbook/GuestbookApplication.class]
10:44:28.437 [Test worker] INFO org.springframework.boot.test.context.SpringBootTestContextBootstrapper - Found @SpringBootConfiguration org.zerock.guestbook.GuestbookApplication for test class org.zerock.guestbook.GuestbookServiceTests
10:44:28.540 [Test worker] DEBUG org.springframework.boot.test.context.SpringBootTestContextBootstrapper - @TestExecutionListeners is not present for class [org.zerock.guestbook.GuestbookServiceTests]: using defaults.
10:44:28.541 [Test worker] INFO org.springframework.boot.test.context.SpringBootTestContextBootstrapper - Loaded default TestExecutionListener class names from location [META-INF/spring.factories]: [org.springframework.boot.test.autoconfigure.restdocs.RestDocsTestExecutionListener, org.springframework.boot.test.autoconfigure.web.client.MockRestServiceServerResetTestExecutionListener, org.springframework.boot.test.autoconfigure.web.servlet.MockMvcPrintOnlyOnFailureTestExecutionListener, org.springframework.boot.test.autoconfigure.web.servlet.WebDriverTestExecutionListener, org.springframework.boot.test.autoconfigure.webservices.client.MockWebServiceServerTestExecutionListener, org.springframework.boot.test.mock.mockito.MockitoTestExecutionListener, org.springframework.boot.test.mock.mockito.ResetMocksTestExecutionListener, org.springframework.test.context.web.ServletTestExecutionListener, org.springframework.test.context.support.DirtiesContextBeforeModesTestExecutionListener, org.springframework.test.context.event.ApplicationEventsTestExecutionListener, org.springframework.test.context.support.DependencyInjectionTestExecutionListener, org.springframework.test.context.support.DirtiesContextTestExecutionListener, org.springframework.test.context.transaction.TransactionalTestExecutionListener, org.springframework.test.context.jdbc.SqlScriptsTestExecutionListener, org.springframework.test.context.event.EventPublishingTestExecutionListener]
10:44:28.570 [Test worker] INFO org.springframework.boot.test.context.SpringBootTestContextBootstrapper - Using TestExecutionListeners: [org.springframework.test.context.web.ServletTestExecutionListener@7249dadf, org.springframework.test.context.support.DirtiesContextBeforeModesTestExecutionListener@4362d7df, org.springframework.test.context.event.ApplicationEventsTestExecutionListener@66238be2, org.springframework.boot.test.mock.mockito.MockitoTestExecutionListener@1c25b8a7, org.springframework.boot.test.autoconfigure.SpringBootDependencyInjectionTestExecutionListener@200606de, org.springframework.test.context.support.DirtiesContextTestExecutionListener@750fe12e, org.springframework.test.context.transaction.TransactionalTestExecutionListener@f8908f6, org.springframework.test.context.jdbc.SqlScriptsTestExecutionListener@3e587920, org.springframework.test.context.event.EventPublishingTestExecutionListener@2ef8a8c3, org.springframework.boot.test.autoconfigure.restdocs.RestDocsTestExecutionListener@24f43aa3, org.springframework.boot.test.autoconfigure.web.client.MockRestServiceServerResetTestExecutionListener@63fd4873, org.springframework.boot.test.autoconfigure.web.servlet.MockMvcPrintOnlyOnFailureTestExecutionListener@1e11bc55, org.springframework.boot.test.autoconfigure.web.servlet.WebDriverTestExecutionListener@7544a1e4, org.springframework.boot.test.autoconfigure.webservices.client.MockWebServiceServerTestExecutionListener@70e0accd, org.springframework.boot.test.mock.mockito.ResetMocksTestExecutionListener@7957dc72]
10:44:28.573 [Test worker] DEBUG org.springframework.test.context.support.AbstractDirtiesContextTestExecutionListener - Before test class: context [DefaultTestContext@38875e7d testClass = GuestbookServiceTests, testInstance = [null], testMethod = [null], testException = [null], mergedContextConfiguration = [WebMergedContextConfiguration@1e886a5b testClass = GuestbookServiceTests, locations = '{}', classes = '{class org.zerock.guestbook.GuestbookApplication}', contextInitializerClasses = '[]', activeProfiles = '{}', propertySourceLocations = '{}', propertySourceProperties = '{org.springframework.boot.test.context.SpringBootTestContextBootstrapper=true}', contextCustomizers = set[org.springframework.boot.test.autoconfigure.actuate.metrics.MetricsExportContextCustomizerFactory$DisableMetricExportContextCustomizer@7c098bb3, org.springframework.boot.test.autoconfigure.properties.PropertyMappingContextCustomizer@0, org.springframework.boot.test.autoconfigure.web.servlet.WebDriverContextCustomizerFactory$Customizer@b6b1987, org.springframework.boot.test.context.filter.ExcludeFilterContextCustomizer@7c541c15, org.springframework.boot.test.json.DuplicateJsonObjectContextCustomizerFactory$DuplicateJsonObjectContextCustomizer@4212a0c8, org.springframework.boot.test.mock.mockito.MockitoContextCustomizer@0, org.springframework.boot.test.web.client.TestRestTemplateContextCustomizer@62452cc9, org.springframework.boot.test.context.SpringBootTestArgs@1, org.springframework.boot.test.context.SpringBootTestWebEnvironment@3bcd05cb], resourceBasePath = 'src/main/webapp', contextLoader = 'org.springframework.boot.test.context.SpringBootContextLoader', parent = [null]], attributes = map['org.springframework.test.context.web.ServletTestExecutionListener.activateListener' -> true]], class annotated with @DirtiesContext [false] with mode [null].
10:44:28.642 [Test worker] DEBUG org.springframework.boot.ApplicationServletEnvironment - Activating profiles []
10:44:28.643 [Test worker] DEBUG org.springframework.test.context.support.TestPropertySourceUtils - Adding inlined properties to environment: {spring.jmx.enabled=false, org.springframework.boot.test.context.SpringBootTestContextBootstrapper=true}

  .   ____          _            __ _ _
 /\\ / ___'_ __ _ _(_)_ __  __ _ \ \ \ \
( ( )\___ | '_ | '_| | '_ \/ _` | \ \ \ \
 \\/  ___)| |_)| | | | | || (_| |  ) ) ) )
  '  |____| .__|_| |_|_| |_\__, | / / / /
 =========|_|==============|___/=/_/_/_/
 :: Spring Boot ::                (v2.6.2)

2022-01-12 10:44:33.977  INFO 3299 --- [    Test worker] o.z.guestbook.GuestbookServiceTests      : Starting GuestbookServiceTests using Java 11.0.13 on Al01544741.local with PID 3299 (started by nhn in /Users/nhn/Desktop/personal_prj_Hoseok)
2022-01-12 10:44:33.978  INFO 3299 --- [    Test worker] o.z.guestbook.GuestbookServiceTests      : No active profile set, falling back to default profiles: default
2022-01-12 10:44:34.749  INFO 3299 --- [    Test worker] .s.d.r.c.RepositoryConfigurationDelegate : Bootstrapping Spring Data JPA repositories in DEFAULT mode.
2022-01-12 10:44:34.809  INFO 3299 --- [    Test worker] .s.d.r.c.RepositoryConfigurationDelegate : Finished Spring Data repository scanning in 50 ms. Found 1 JPA repository interfaces.
2022-01-12 10:44:35.415  INFO 3299 --- [    Test worker] o.hibernate.jpa.internal.util.LogHelper  : HHH000204: Processing PersistenceUnitInfo [name: default]
2022-01-12 10:44:35.467  INFO 3299 --- [    Test worker] org.hibernate.Version                    : HHH000412: Hibernate ORM core version 5.6.3.Final
2022-01-12 10:44:35.701  INFO 3299 --- [    Test worker] o.hibernate.annotations.common.Version   : HCANN000001: Hibernate Commons Annotations {5.1.2.Final}
2022-01-12 10:44:35.806  INFO 3299 --- [    Test worker] com.zaxxer.hikari.HikariDataSource       : HikariPool-1 - Starting...
2022-01-12 10:44:35.894  INFO 3299 --- [    Test worker] com.zaxxer.hikari.HikariDataSource       : HikariPool-1 - Start completed.
2022-01-12 10:44:35.927  INFO 3299 --- [    Test worker] org.hibernate.dialect.Dialect            : HHH000400: Using dialect: org.hibernate.dialect.MariaDB106Dialect
2022-01-12 10:44:36.572  INFO 3299 --- [    Test worker] o.h.e.t.j.p.i.JtaPlatformInitiator       : HHH000490: Using JtaPlatform implementation: [org.hibernate.engine.transaction.jta.platform.internal.NoJtaPlatform]
2022-01-12 10:44:36.580  INFO 3299 --- [    Test worker] j.LocalContainerEntityManagerFactoryBean : Initialized JPA EntityManagerFactory for persistence unit 'default'
2022-01-12 10:44:37.188  WARN 3299 --- [    Test worker] JpaBaseConfiguration$JpaWebConfiguration : spring.jpa.open-in-view is enabled by default. Therefore, database queries may be performed during view rendering. Explicitly configure spring.jpa.open-in-view to disable this warning
2022-01-12 10:44:37.502  INFO 3299 --- [    Test worker] o.s.b.a.w.s.WelcomePageHandlerMapping    : Adding welcome page: class path resource [static/index.html]
2022-01-12 10:44:37.777  INFO 3299 --- [    Test worker] o.z.guestbook.GuestbookServiceTests      : Started GuestbookServiceTests in 9.13 seconds (JVM running for 10.594)
2022-01-12 10:44:37.933  INFO 3299 --- [    Test worker] o.z.g.service.GuestbookServiceImpl       : DTO-------------------
2022-01-12 10:44:37.948  INFO 3299 --- [    Test worker] o.z.g.service.GuestbookServiceImpl       : GuestbookDTO(gno=null, title=Sample Title, content=Sample Content, writer=user0, regDate=null, modDate=null)
2022-01-12 10:44:37.960  INFO 3299 --- [    Test worker] o.z.g.service.GuestbookServiceImpl       : Guestbook(gno=null, title=Sample Title, content=Sample Content, writer=user0)
Hibernate: 
    insert 
    into
        guestbook
        (moddate, regdate, content, title, writer) 
    values
        (?, ?, ?, ?, ?)
300
]]></system-out>
  <system-err><![CDATA[]]></system-err>
</testsuite>
